<?xml version="1.0" encoding="UTF-8"?>
<testsuite name="rspec" tests="44" skipped="0" failures="0" errors="0" time="0.556938" timestamp="2025-08-18T03:45:49-06:00" hostname="aurora">
<properties>
<property name="seed" value="65003"/>
</properties>
<testcase classname="spec.kettle.soup.cover.constants_spec" name="Kettle::Soup::Cover::Constants succeeds" file="./spec/kettle/soup/cover/constants_spec.rb" time="0.008578"></testcase>
<testcase classname="spec.kettle.soup.cover.constants_spec" name="Kettle::Soup::Cover::Constants when CI=true sets CI=true" file="./spec/kettle/soup/cover/constants_spec.rb" time="0.002696"></testcase>
<testcase classname="spec.kettle.soup.cover.constants_spec" name="Kettle::Soup::Cover::Constants when CI=false sets CI=false" file="./spec/kettle/soup/cover/constants_spec.rb" time="0.002042"></testcase>
<testcase classname="spec.kettle.soup.cover.constants_spec" name="Kettle::Soup::Cover::Constants when CI=false sets MULTI_FORMATTERS" file="./spec/kettle/soup/cover/constants_spec.rb" time="0.002709"></testcase>
<testcase classname="spec.kettle.soup.cover.loaders_spec" name="Kettle::Soup::Cover::Loaders#load_formatters succeeds" file="./spec/kettle/soup/cover/loaders_spec.rb" time="0.012303"></testcase>
<testcase classname="spec.kettle.soup.cover.loaders_spec" name="Kettle::Soup::Cover::Loaders#load_formatters when CI=true succeeds" file="./spec/kettle/soup/cover/loaders_spec.rb" time="0.002877"></testcase>
<testcase classname="spec.kettle.soup.cover.loaders_spec" name="Kettle::Soup::Cover::Loaders#load_formatters when FORMATTERS=lcov succeeds" file="./spec/kettle/soup/cover/loaders_spec.rb" time="0.004275"></testcase>
<testcase classname="spec.kettle.soup.cover.loaders_spec" name="Kettle::Soup::Cover::Loaders#load_formatters when FORMATTERS is empty succeeds" file="./spec/kettle/soup/cover/loaders_spec.rb" time="0.002688"></testcase>
<testcase classname="spec.kettle.soup.cover.loaders_spec" name="Kettle::Soup::Cover::Loaders#load_filters succeeds" file="./spec/kettle/soup/cover/loaders_spec.rb" time="0.003434"></testcase>
<testcase classname="spec.kettle.soup.cover.loaders_spec" name="Kettle::Soup::Cover::Loaders#install_tasks succeeds" file="./spec/kettle/soup/cover/loaders_spec.rb" time="0.002697"></testcase>
<testcase classname="spec.kettle.soup.cover.rakelib.coverage_spec" name="rake coverage has a gem root" file="./spec/kettle/soup/cover/rakelib/coverage_spec.rb" time="0.002368"></testcase>
<testcase classname="spec.kettle.soup.cover.rakelib.coverage_spec" name="rake coverage has name as coverage" file="./spec/kettle/soup/cover/rakelib/coverage_spec.rb" time="0.001053"></testcase>
<testcase classname="spec.kettle.soup.cover.rakelib.coverage_spec" name="rake coverage has task path" file="./spec/kettle/soup/cover/rakelib/coverage_spec.rb" time="0.001108"></testcase>
<testcase classname="spec.kettle.soup.cover.rakelib.coverage_spec" name="rake coverage when defined does not raise error" file="./spec/kettle/soup/cover/rakelib/coverage_spec.rb" time="0.001059"></testcase>
<testcase classname="spec.kettle.soup.cover.rakelib.coverage_spec" name="rake coverage when defined when invoked does not raise error" file="./spec/kettle/soup/cover/rakelib/coverage_spec.rb" time="0.380955"></testcase>
<testcase classname="spec.kettle.soup.cover.rakelib.coverage_spec" name="rake coverage when defined when invoked when OPEN_BIN empty does not raise error" file="./spec/kettle/soup/cover/rakelib/coverage_spec.rb" time="0.003644"></testcase>
<testcase classname="spec.kettle.soup.cover.rakelib.coverage_spec" name="rake coverage when defined when invoked when OPEN_BIN empty outputs where to find coverage report" file="./spec/kettle/soup/cover/rakelib/coverage_spec.rb" time="0.006139"></testcase>
<testcase classname="spec.kettle.soup.cover.rakelib.coverage_spec" name="rake coverage when defined when invoked when OPEN_BIN set to unavailable executable does not raise error" file="./spec/kettle/soup/cover/rakelib/coverage_spec.rb" time="0.004294"></testcase>
<testcase classname="spec.kettle.soup.cover.rakelib.coverage_spec" name="rake coverage when defined when invoked when OPEN_BIN set to unavailable executable outputs where to find coverage report" file="./spec/kettle/soup/cover/rakelib/coverage_spec.rb" time="0.004358"></testcase>
<testcase classname="spec.kettle.soup.cover.version_spec" name="1.0.10 behaves like a Version module is introspectable" file="./spec/kettle/soup/cover/version_spec.rb" time="0.004821"></testcase>
<testcase classname="spec.kettle.soup.cover_spec" name="Kettle::Soup::Cover has constant COMMAND_NAME" file="./spec/kettle/soup/cover_spec.rb" time="0.000148"></testcase>
<testcase classname="spec.kettle.soup.cover_spec" name="Kettle::Soup::Cover has constant COVERAGE_DIR" file="./spec/kettle/soup/cover_spec.rb" time="0.000091"></testcase>
<testcase classname="spec.kettle.soup.cover_spec" name="Kettle::Soup::Cover::reset_const has output" file="./spec/kettle/soup/cover_spec.rb" time="0.001581"></testcase>
<testcase classname="spec.kettle.soup.cover_spec" name="Kettle::Soup::Cover::load_filters does not raise error" file="./spec/kettle/soup/cover_spec.rb" time="0.000245"></testcase>
<testcase classname="spec.kettle.soup.cover_spec" name="Kettle::Soup::Cover::load_formatters does not raise error" file="./spec/kettle/soup/cover_spec.rb" time="0.000167"></testcase>
<testcase classname="spec.kettle.soup.cover_spec" name="Kettle::Soup::Cover when CI=true sets CI" file="./spec/kettle/soup/cover_spec.rb" time="0.003542"></testcase>
<testcase classname="spec.kettle.soup.cover_spec" name="Kettle::Soup::Cover when CI=true sets IS_CI" file="./spec/kettle/soup/cover_spec.rb" time="0.003237"></testcase>
<testcase classname="spec.kettle.soup.cover_spec" name="Kettle::Soup::Cover when CI=true sets FORMATTERS" file="./spec/kettle/soup/cover_spec.rb" time="0.016012"></testcase>
<testcase classname="spec.kettle.soup.cover_spec" name="Kettle::Soup::Cover when CI=true sets MULTI_FORMATTERS_DEFAULT" file="./spec/kettle/soup/cover_spec.rb" time="0.004238"></testcase>
<testcase classname="spec.kettle.soup.cover_spec" name="Kettle::Soup::Cover when CI=false sets CI" file="./spec/kettle/soup/cover_spec.rb" time="0.003523"></testcase>
<testcase classname="spec.kettle.soup.cover_spec" name="Kettle::Soup::Cover when CI=false sets IS_CI" file="./spec/kettle/soup/cover_spec.rb" time="0.003368"></testcase>
<testcase classname="spec.kettle.soup.cover_spec" name="Kettle::Soup::Cover when CI=false sets FORMATTERS" file="./spec/kettle/soup/cover_spec.rb" time="0.002858"></testcase>
<testcase classname="spec.kettle.soup.cover_spec" name="Kettle::Soup::Cover when CI=false when MAX_ROWS is &apos;0&apos; omits the tty formatter when MAX_ROWS=0" file="./spec/kettle/soup/cover_spec.rb" time="0.006141"></testcase>
<testcase classname="spec.kettle.soup.cover_spec" name="Kettle::Soup::Cover when CI=false when K_SOUP_COV_MULTI_FORMATTERS not empty sets MULTI_FORMATTERS_DEFAULT" file="./spec/kettle/soup/cover_spec.rb" time="0.002787"></testcase>
<testcase classname="spec.kettle.soup.cover_spec" name="Kettle::Soup::Cover when CI=false when K_SOUP_COV_MULTI_FORMATTERS empty sets MULTI_FORMATTERS_DEFAULT" file="./spec/kettle/soup/cover_spec.rb" time="0.005704"></testcase>
<testcase classname="spec.kettle.soup.cover_spec" name="Kettle::Soup::Cover when CI=false when K_SOUP_COV_MULTI_FORMATTERS malformed with extra spaces sets MULTI_FORMATTERS_DEFAULT" file="./spec/kettle/soup/cover_spec.rb" time="0.005077"></testcase>
<testcase classname="spec.kettle.soup.cover_spec" name="Kettle::Soup::Cover when CI=false when K_SOUP_COV_MULTI_FORMATTERS malformed with extra spaces sets MULTI_FORMATTERS" file="./spec/kettle/soup/cover_spec.rb" time="0.004825"></testcase>
<testcase classname="spec.kettle.soup.cover_spec" name="Kettle::Soup::Cover when CI=false when K_SOUP_COV_MULTI_FORMATTERS malformed with extra spaces sets FORMATTERS" file="./spec/kettle/soup/cover_spec.rb" time="0.004428"></testcase>
<testcase classname="spec.kettle.soup.cover_spec" name="Kettle::Soup::Cover when debugging has constant DEBUG" file="./spec/kettle/soup/cover_spec.rb" time="0.002020"></testcase>
<testcase classname="spec.kettle.soup.cover_spec" name="Kettle::Soup::Cover when not debugging has constant DEBUG" file="./spec/kettle/soup/cover_spec.rb" time="0.008812"></testcase>
<testcase classname="spec.kettle.soup.cover_spec" name="Kettle::Soup::Cover when K_SOUP_COV_OPEN_BIN=&apos;&apos; sets OPEN_BIN" file="./spec/kettle/soup/cover_spec.rb" time="0.002513"></testcase>
<testcase classname="spec.kettle.soup.cover_spec" name="Kettle::Soup::Cover when K_SOUP_COV_OPEN_BIN=&apos;xdg-open&apos; sets OPEN_BIN" file="./spec/kettle/soup/cover_spec.rb" time="0.001848"></testcase>
<testcase classname="spec.kettle.soup.cover_spec" name="Kettle::Soup::Cover when K_SOUP_COV_OPEN_BIN is not set or nil when macOS sets OPEN_BIN according to RbConfig::Config[&apos;host_os&apos;]" file="./spec/kettle/soup/cover_spec.rb" time="0.002301"></testcase>
<testcase classname="spec.kettle.soup.cover_spec" name="Kettle::Soup::Cover when K_SOUP_COV_OPEN_BIN is not set or nil when not macOS sets OPEN_BIN according to RbConfig::Config[&apos;host_os&apos;]" file="./spec/kettle/soup/cover_spec.rb" time="0.002266"></testcase>
</testsuite>
